-------------------------------------------------------------------------------
Test set: com.store.userservice.UserServiceApplicationTests
-------------------------------------------------------------------------------
Tests run: 1, Failures: 0, Errors: 1, Skipped: 0, Time elapsed: 0.282 s <<< FAILURE! - in com.store.userservice.UserServiceApplicationTests
com.store.userservice.UserServiceApplicationTests  Time elapsed: 0.279 s  <<< ERROR!
java.lang.IllegalStateException: Unable to find a @SpringBootConfiguration, you need to use @ContextConfiguration or @SpringBootTest(classes=...) with your test

